# JRE version: Java(TM) SE Runtime Environment (8.0_241-b07) (build 1.8.0_241-b07)
# Java VM: Java HotSpot(TM) 64-Bit Server VM (25.241-b07 mixed mode windows-amd64 compressed oops)
Heap:
 PSYoungGen      total 396800K, used 0K [0x00000000d5580000, 0x00000000f2780000, 0x0000000100000000)
  eden space 368640K, 0% used [0x00000000d5580000,0x00000000d5580000,0x00000000ebd80000)
  from space 28160K, 0% used [0x00000000eca00000,0x00000000eca00000,0x00000000ee580000)
  to   space 54272K, 0% used [0x00000000ef280000,0x00000000ef280000,0x00000000f2780000)
 ParOldGen       total 208896K, used 43495K [0x0000000080000000, 0x000000008cc00000, 0x00000000d5580000)
  object space 208896K, 20% used [0x0000000080000000,0x0000000082a79d58,0x000000008cc00000)
 Metaspace       used 92243K, capacity 95180K, committed 98496K, reserved 1134592K
  class space    used 11945K, capacity 12550K, committed 13184K, reserved 1048576K
GC Heap History (10 events):
Event: 131.244 GC heap after
Heap after GC invocations=18 (full 3):
 PSYoungGen      total 308224K, used 24571K [0x00000000d5580000, 0x00000000edd00000, 0x0000000100000000)
  eden space 283648K, 0% used [0x00000000d5580000,0x00000000d5580000,0x00000000e6a80000)
  from space 24576K, 99% used [0x00000000e6a80000,0x00000000e827ef48,0x00000000e8280000)
  to   space 30208K, 0% used [0x00000000ebf80000,0x00000000ebf80000,0x00000000edd00000)
 ParOldGen       total 208896K, used 41172K [0x0000000080000000, 0x000000008cc00000, 0x00000000d5580000)
  object space 208896K, 19% used [0x0000000080000000,0x0000000082835020,0x000000008cc00000)
 Metaspace       used 76997K, capacity 80336K, committed 80472K, reserved 1118208K
  class space    used 10385K, capacity 11053K, committed 11136K, reserved 1048576K
}
Event: 139.971 GC heap before
{Heap before GC invocations=19 (full 3):
 PSYoungGen      total 308224K, used 308219K [0x00000000d5580000, 0x00000000edd00000, 0x0000000100000000)
  eden space 283648K, 100% used [0x00000000d5580000,0x00000000e6a80000,0x00000000e6a80000)
  from space 24576K, 99% used [0x00000000e6a80000,0x00000000e827ef48,0x00000000e8280000)
  to   space 30208K, 0% used [0x00000000ebf80000,0x00000000ebf80000,0x00000000edd00000)
 ParOldGen       total 208896K, used 41172K [0x0000000080000000, 0x000000008cc00000, 0x00000000d5580000)
  object space 208896K, 19% used [0x0000000080000000,0x0000000082835020,0x000000008cc00000)
 Metaspace       used 77259K, capacity 80558K, committed 80728K, reserved 1118208K
  class space    used 10388K, capacity 11056K, committed 11136K, reserved 1048576K
Event: 140.307 GC heap after
Heap after GC invocations=19 (full 3):
 PSYoungGen      total 367616K, used 26837K [0x00000000d5580000, 0x00000000ef800000, 0x0000000100000000)
  eden space 337408K, 0% used [0x00000000d5580000,0x00000000d5580000,0x00000000e9f00000)
  from space 30208K, 88% used [0x00000000ebf80000,0x00000000ed9b56d0,0x00000000edd00000)
  to   space 33280K, 0% used [0x00000000e9f00000,0x00000000e9f00000,0x00000000ebf80000)
 ParOldGen       total 208896K, used 41180K [0x0000000080000000, 0x000000008cc00000, 0x00000000d5580000)
  object space 208896K, 19% used [0x0000000080000000,0x0000000082837020,0x000000008cc00000)
 Metaspace       used 77259K, capacity 80558K, committed 80728K, reserved 1118208K
  class space    used 10388K, capacity 11056K, committed 11136K, reserved 1048576K
}
Event: 173.177 GC heap before
{Heap before GC invocations=20 (full 3):
 PSYoungGen      total 367616K, used 364245K [0x00000000d5580000, 0x00000000ef800000, 0x0000000100000000)
  eden space 337408K, 100% used [0x00000000d5580000,0x00000000e9f00000,0x00000000e9f00000)
  from space 30208K, 88% used [0x00000000ebf80000,0x00000000ed9b56d0,0x00000000edd00000)
  to   space 33280K, 0% used [0x00000000e9f00000,0x00000000e9f00000,0x00000000ebf80000)
 ParOldGen       total 208896K, used 41180K [0x0000000080000000, 0x000000008cc00000, 0x00000000d5580000)
  object space 208896K, 19% used [0x0000000080000000,0x0000000082837020,0x000000008cc00000)
 Metaspace       used 85959K, capacity 89736K, committed 89816K, reserved 1126400K
  class space    used 11554K, capacity 12251K, committed 12288K, reserved 1048576K
Event: 173.425 GC heap after
Heap after GC invocations=20 (full 3):
 PSYoungGen      total 370688K, used 33268K [0x00000000d5580000, 0x00000000f2900000, 0x0000000100000000)
  eden space 337408K, 0% used [0x00000000d5580000,0x00000000d5580000,0x00000000e9f00000)
  from space 33280K, 99% used [0x00000000e9f00000,0x00000000ebf7d3d0,0x00000000ebf80000)
  to   space 41984K, 0% used [0x00000000f0000000,0x00000000f0000000,0x00000000f2900000)
 ParOldGen       total 208896K, used 52773K [0x0000000080000000, 0x000000008cc00000, 0x00000000d5580000)
  object space 208896K, 25% used [0x0000000080000000,0x0000000083389658,0x000000008cc00000)
 Metaspace       used 85959K, capacity 89736K, committed 89816K, reserved 1126400K
  class space    used 11554K, capacity 12251K, committed 12288K, reserved 1048576K
}
Event: 762.956 GC heap before
{Heap before GC invocations=21 (full 3):
 PSYoungGen      total 370688K, used 370676K [0x00000000d5580000, 0x00000000f2900000, 0x0000000100000000)
  eden space 337408K, 100% used [0x00000000d5580000,0x00000000e9f00000,0x00000000e9f00000)
  from space 33280K, 99% used [0x00000000e9f00000,0x00000000ebf7d3d0,0x00000000ebf80000)
  to   space 41984K, 0% used [0x00000000f0000000,0x00000000f0000000,0x00000000f2900000)
 ParOldGen       total 208896K, used 52773K [0x0000000080000000, 0x000000008cc00000, 0x00000000d5580000)
  object space 208896K, 25% used [0x0000000080000000,0x0000000083389658,0x000000008cc00000)
 Metaspace       used 92897K, capacity 97320K, committed 97624K, reserved 1134592K
  class space    used 12235K, capacity 13084K, committed 13184K, reserved 1048576K
Event: 763.137 GC heap after
Heap after GC invocations=21 (full 3):
 PSYoungGen      total 423424K, used 41961K [0x00000000d5580000, 0x00000000f3a80000, 0x0000000100000000)
  eden space 381440K, 0% used [0x00000000d5580000,0x00000000d5580000,0x00000000eca00000)
  from space 41984K, 99% used [0x00000000f0000000,0x00000000f28fa6e8,0x00000000f2900000)
  to   space 55296K, 0% used [0x00000000eca00000,0x00000000eca00000,0x00000000f0000000)
 ParOldGen       total 208896K, used 71963K [0x0000000080000000, 0x000000008cc00000, 0x00000000d5580000)
  object space 208896K, 34% used [0x0000000080000000,0x0000000084646c60,0x000000008cc00000)
 Metaspace       used 92897K, capacity 97320K, committed 97624K, reserved 1134592K
  class space    used 12235K, capacity 13084K, committed 13184K, reserved 1048576K
}
Event: 3514.922 GC heap before
{Heap before GC invocations=22 (full 3):
 PSYoungGen      total 423424K, used 267758K [0x00000000d5580000, 0x00000000f3a80000, 0x0000000100000000)
  eden space 381440K, 59% used [0x00000000d5580000,0x00000000e32013b0,0x00000000eca00000)
  from space 41984K, 99% used [0x00000000f0000000,0x00000000f28fa6e8,0x00000000f2900000)
  to   space 55296K, 0% used [0x00000000eca00000,0x00000000eca00000,0x00000000f0000000)
 ParOldGen       total 208896K, used 71963K [0x0000000080000000, 0x000000008cc00000, 0x00000000d5580000)
  object space 208896K, 34% used [0x0000000080000000,0x0000000084646c60,0x000000008cc00000)
 Metaspace       used 93899K, capacity 98442K, committed 98496K, reserved 1134592K
  class space    used 12290K, capacity 13167K, committed 13184K, reserved 1048576K
Event: 3515.583 GC heap after
Heap after GC invocations=22 (full 3):
 PSYoungGen      total 396800K, used 27782K [0x00000000d5580000, 0x00000000f2780000, 0x0000000100000000)
  eden space 368640K, 0% used [0x00000000d5580000,0x00000000d5580000,0x00000000ebd80000)
  from space 28160K, 98% used [0x00000000eca00000,0x00000000ee5218c8,0x00000000ee580000)
  to   space 54272K, 0% used [0x00000000ef280000,0x00000000ef280000,0x00000000f2780000)
 ParOldGen       total 208896K, used 82170K [0x0000000080000000, 0x000000008cc00000, 0x00000000d5580000)
  object space 208896K, 39% used [0x0000000080000000,0x000000008503ea58,0x000000008cc00000)
 Metaspace       used 93899K, capacity 98442K, committed 98496K, reserved 1134592K
  class space    used 12290K, capacity 13167K, committed 13184K, reserved 1048576K
}
Event: 3515.583 GC heap before
{Heap before GC invocations=23 (full 4):
 PSYoungGen      total 396800K, used 27782K [0x00000000d5580000, 0x00000000f2780000, 0x0000000100000000)
  eden space 368640K, 0% used [0x00000000d5580000,0x00000000d5580000,0x00000000ebd80000)
  from space 28160K, 98% used [0x00000000eca00000,0x00000000ee5218c8,0x00000000ee580000)
  to   space 54272K, 0% used [0x00000000ef280000,0x00000000ef280000,0x00000000f2780000)
 ParOldGen       total 208896K, used 82170K [0x0000000080000000, 0x000000008cc00000, 0x00000000d5580000)
  object space 208896K, 39% used [0x0000000080000000,0x000000008503ea58,0x000000008cc00000)
 Metaspace       used 93899K, capacity 98442K, committed 98496K, reserved 1134592K
  class space    used 12290K, capacity 13167K, committed 13184K, reserved 1048576K

